[debug] [2020-06-16T00:26:09.553Z] ----------------------------------------------------------------------
[debug] [2020-06-16T00:26:09.558Z] Command:       C:\Program Files\nodejs\node.exe C:\Users\Cedar\AppData\Roaming\npm\node_modules\firebase-tools\lib\bin\firebase.js login
[debug] [2020-06-16T00:26:09.559Z] CLI Version:   8.4.2
[debug] [2020-06-16T00:26:09.559Z] Platform:      win32
[debug] [2020-06-16T00:26:09.559Z] Node Version:  v12.16.1
[debug] [2020-06-16T00:26:09.561Z] Time:          Tue Jun 16 2020 01:26:09 GMT+0100 (West Africa Standard Time)
[debug] [2020-06-16T00:26:09.561Z] ----------------------------------------------------------------------
[debug] [2020-06-16T00:26:09.562Z] 
[info] i  Firebase optionally collects CLI usage and error reporting information to help improve our products. Data is collected in accordance with Google's privacy policy (https://policies.google.com/privacy) and is not used to identify you.
 
[info] i  To change your data collection preference at any time, run `firebase logout` and log in again. 
[info] 
[info] Visit this URL on this device to log in:
[info] https://accounts.google.com/o/oauth2/auth?client_id=563584335869-fgrhgmd47bqnekij5i8b5pr03ho849e6.apps.googleusercontent.com&scope=email%20openid%20https%3A%2F%2Fwww.googleapis.com%2Fauth%2Fcloudplatformprojects.readonly%20https%3A%2F%2Fwww.googleapis.com%2Fauth%2Ffirebase%20https%3A%2F%2Fwww.googleapis.com%2Fauth%2Fcloud-platform&response_type=code&state=403319633&redirect_uri=http%3A%2F%2Flocalhost%3A9005
[info] 
[info] Waiting for authentication...
[debug] [2020-06-16T00:26:14.741Z] Error: spawn cmd ENOENT
    at Process.ChildProcess._handle.onexit (internal/child_process.js:267:19)
    at onErrorNT (internal/child_process.js:469:16)
    at processTicksAndRejections (internal/process/task_queues.js:84:21)
[error] 
[error] Error: An unexpected error has occurred.
[debug] [2020-06-16T00:28:08.747Z] ----------------------------------------------------------------------
[debug] [2020-06-16T00:28:08.752Z] Command:       C:\Program Files\nodejs\node.exe C:\Users\Cedar\AppData\Roaming\npm\node_modules\firebase-tools\lib\bin\firebase.js login
[debug] [2020-06-16T00:28:08.753Z] CLI Version:   8.4.2
[debug] [2020-06-16T00:28:08.753Z] Platform:      win32
[debug] [2020-06-16T00:28:08.753Z] Node Version:  v12.16.1
[debug] [2020-06-16T00:28:08.755Z] Time:          Tue Jun 16 2020 01:28:08 GMT+0100 (West Africa Standard Time)
[debug] [2020-06-16T00:28:08.756Z] ----------------------------------------------------------------------
[debug] [2020-06-16T00:28:08.756Z] 
[info] i  Firebase optionally collects CLI usage and error reporting information to help improve our products. Data is collected in accordance with Google's privacy policy (https://policies.google.com/privacy) and is not used to identify you.
 
[info] i  To change your data collection preference at any time, run `firebase logout` and log in again. 
[info] 
[info] Visit this URL on this device to log in:
[info] https://accounts.google.com/o/oauth2/auth?client_id=563584335869-fgrhgmd47bqnekij5i8b5pr03ho849e6.apps.googleusercontent.com&scope=email%20openid%20https%3A%2F%2Fwww.googleapis.com%2Fauth%2Fcloudplatformprojects.readonly%20https%3A%2F%2Fwww.googleapis.com%2Fauth%2Ffirebase%20https%3A%2F%2Fwww.googleapis.com%2Fauth%2Fcloud-platform&response_type=code&state=286619343&redirect_uri=http%3A%2F%2Flocalhost%3A9005
[info] 
[info] Waiting for authentication...
[debug] [2020-06-16T00:28:11.625Z] Error: spawn cmd ENOENT
    at Process.ChildProcess._handle.onexit (internal/child_process.js:267:19)
    at onErrorNT (internal/child_process.js:469:16)
    at processTicksAndRejections (internal/process/task_queues.js:84:21)
[error] 
[error] Error: An unexpected error has occurred.
[debug] [2020-06-16T01:25:34.352Z] ----------------------------------------------------------------------
[debug] [2020-06-16T01:25:34.356Z] Command:       C:\Program Files\nodejs\node.exe C:\Users\Cedar\AppData\Roaming\npm\node_modules\firebase-tools\lib\bin\firebase.js login
[debug] [2020-06-16T01:25:34.357Z] CLI Version:   8.4.2
[debug] [2020-06-16T01:25:34.357Z] Platform:      win32
[debug] [2020-06-16T01:25:34.357Z] Node Version:  v12.16.1
[debug] [2020-06-16T01:25:34.448Z] Time:          Tue Jun 16 2020 02:25:34 GMT+0100 (West Africa Standard Time)
[debug] [2020-06-16T01:25:34.448Z] ----------------------------------------------------------------------
[debug] [2020-06-16T01:25:34.449Z] 
[info] i  Firebase optionally collects CLI usage and error reporting information to help improve our products. Data is collected in accordance with Google's privacy policy (https://policies.google.com/privacy) and is not used to identify you.
 
[info] i  To change your data collection preference at any time, run `firebase logout` and log in again. 
[info] 
[info] Visit this URL on this device to log in:
[info] https://accounts.google.com/o/oauth2/auth?client_id=563584335869-fgrhgmd47bqnekij5i8b5pr03ho849e6.apps.googleusercontent.com&scope=email%20openid%20https%3A%2F%2Fwww.googleapis.com%2Fauth%2Fcloudplatformprojects.readonly%20https%3A%2F%2Fwww.googleapis.com%2Fauth%2Ffirebase%20https%3A%2F%2Fwww.googleapis.com%2Fauth%2Fcloud-platform&response_type=code&state=264160385&redirect_uri=http%3A%2F%2Flocalhost%3A9005
[info] 
[info] Waiting for authentication...
[debug] [2020-06-16T01:25:39.184Z] Error: spawn cmd ENOENT
    at Process.ChildProcess._handle.onexit (internal/child_process.js:267:19)
    at onErrorNT (internal/child_process.js:469:16)
    at processTicksAndRejections (internal/process/task_queues.js:84:21)
[error] 
[error] Error: An unexpected error has occurred.
